{"level":"info","message":"Server running on port 3000","timestamp":"2025-05-20T03:09:19.866Z"}
{"level":"info","message":"Connected to MongoDB","timestamp":"2025-05-20T03:09:19.879Z"}
{"level":"info","message":"Server running on port 3000","timestamp":"2025-05-20T03:10:17.687Z"}
{"level":"info","message":"Connected to MongoDB","timestamp":"2025-05-20T03:10:17.747Z"}
{"level":"info","message":"Server running on port 3000","timestamp":"2025-05-20T03:10:43.308Z"}
{"level":"info","message":"Connected to MongoDB","timestamp":"2025-05-20T03:10:43.372Z"}
{"level":"info","message":"Connected to MongoDB","timestamp":"2025-05-20T03:11:29.711Z"}
{"level":"info","message":"Connected to MongoDB","timestamp":"2025-05-20T03:11:38.262Z"}
{"level":"info","message":"Connected to MongoDB","timestamp":"2025-05-20T03:12:18.456Z"}
{"level":"info","message":"Connected to MongoDB","timestamp":"2025-05-20T03:12:58.630Z"}
{"level":"info","message":"Connected to MongoDB","timestamp":"2025-05-20T03:16:10.866Z"}
{"level":"info","message":"Connected to MongoDB","timestamp":"2025-05-20T03:34:12.641Z"}
{"level":"info","message":"Connected to MongoDB","timestamp":"2025-05-20T03:34:12.796Z"}
{"level":"info","message":"Connected to MongoDB","timestamp":"2025-05-20T03:34:13.343Z"}
{"level":"info","message":"Connected to MongoDB","timestamp":"2025-05-20T03:34:13.431Z"}
{"level":"info","message":"Connected to MongoDB","timestamp":"2025-05-20T03:34:47.808Z"}
{"level":"info","message":"Connected to MongoDB","timestamp":"2025-05-20T03:34:47.918Z"}
{"level":"info","message":"Connected to MongoDB","timestamp":"2025-05-20T03:34:48.007Z"}
{"level":"info","message":"Connected to MongoDB","timestamp":"2025-05-20T03:34:48.094Z"}
{"level":"info","message":"Connected to MongoDB","timestamp":"2025-05-20T03:35:59.621Z"}
{"level":"info","message":"Connected to MongoDB","timestamp":"2025-05-20T03:35:59.811Z"}
{"level":"info","message":"Connected to MongoDB","timestamp":"2025-05-20T03:35:59.976Z"}
{"level":"info","message":"Connected to MongoDB","timestamp":"2025-05-20T03:36:00.094Z"}
{"level":"info","message":"Connected to MongoDB","timestamp":"2025-05-20T03:37:34.451Z"}
{"level":"info","message":"Connected to MongoDB","timestamp":"2025-05-20T03:37:34.634Z"}
{"level":"info","message":"Connected to MongoDB","timestamp":"2025-05-20T03:37:34.945Z"}
{"level":"info","message":"Connected to MongoDB","timestamp":"2025-05-20T03:37:35.093Z"}
{"level":"info","message":"Connected to MongoDB","timestamp":"2025-05-20T03:38:38.870Z"}
{"level":"info","message":"Connected to MongoDB","timestamp":"2025-05-20T03:38:39.064Z"}
{"level":"info","message":"Connected to MongoDB","timestamp":"2025-05-20T03:38:39.398Z"}
{"level":"info","message":"Connected to MongoDB","timestamp":"2025-05-20T03:38:39.548Z"}
{"level":"info","message":"Connected to MongoDB","timestamp":"2025-05-20T03:39:19.594Z"}
{"level":"info","message":"Connected to MongoDB","timestamp":"2025-05-20T03:39:19.771Z"}
{"level":"info","message":"Connected to MongoDB","timestamp":"2025-05-20T03:39:20.094Z"}
{"level":"info","message":"Connected to MongoDB","timestamp":"2025-05-20T03:39:20.247Z"}
{"level":"info","message":"Connected to MongoDB","timestamp":"2025-05-20T03:40:21.476Z"}
{"level":"info","message":"Connected to MongoDB","timestamp":"2025-05-20T03:40:21.817Z"}
{"level":"info","message":"Connected to MongoDB","timestamp":"2025-05-20T03:40:21.964Z"}
{"level":"info","message":"Connected to MongoDB","timestamp":"2025-05-20T03:40:22.118Z"}
{"level":"info","message":"Connected to MongoDB","timestamp":"2025-05-20T03:40:50.565Z"}
{"level":"info","message":"Connected to MongoDB","timestamp":"2025-05-20T03:40:51.114Z"}
{"level":"info","message":"Connected to MongoDB","timestamp":"2025-05-20T03:40:51.271Z"}
{"level":"info","message":"Connected to MongoDB","timestamp":"2025-05-20T03:40:51.408Z"}
{"level":"info","message":"Connected to MongoDB","timestamp":"2025-05-20T03:40:57.635Z"}
{"level":"info","message":"Connected to MongoDB","timestamp":"2025-05-20T03:40:58.218Z"}
{"level":"info","message":"Connected to MongoDB","timestamp":"2025-05-20T03:40:58.382Z"}
{"level":"info","message":"Connected to MongoDB","timestamp":"2025-05-20T03:40:58.521Z"}
{"level":"info","message":"Connected to MongoDB","timestamp":"2025-05-20T03:42:37.792Z"}
{"level":"info","message":"Connected to MongoDB","timestamp":"2025-05-20T03:42:38.155Z"}
{"level":"info","message":"Connected to MongoDB","timestamp":"2025-05-20T03:42:38.195Z"}
{"level":"info","message":"Connected to MongoDB","timestamp":"2025-05-20T03:42:38.198Z"}
{"level":"info","message":"Connected to MongoDB","timestamp":"2025-05-20T03:51:28.183Z"}
{"level":"info","message":"Connected to MongoDB","timestamp":"2025-05-20T03:52:52.590Z"}
{"level":"info","message":"Connected to MongoDB","timestamp":"2025-05-20T06:46:58.810Z"}
{"level":"info","message":"Connected to MongoDB","timestamp":"2025-05-20T06:48:14.538Z"}
{"level":"info","message":"Connected to MongoDB","timestamp":"2025-05-20T06:49:42.915Z"}
{"level":"info","message":"Connected to MongoDB","timestamp":"2025-05-20T06:49:49.248Z"}
{"level":"info","message":"Connected to MongoDB","timestamp":"2025-05-20T06:50:22.987Z"}
{"level":"info","message":"Connected to MongoDB","timestamp":"2025-05-20T06:51:00.417Z"}
{"level":"info","message":"Connected to MongoDB","timestamp":"2025-05-20T06:51:40.618Z"}
{"level":"info","message":"Connected to MongoDB","timestamp":"2025-05-20T06:52:37.913Z"}
{"level":"info","message":"Connected to MongoDB","timestamp":"2025-05-20T06:53:20.495Z"}
{"level":"info","message":"Connected to MongoDB","timestamp":"2025-05-20T06:54:26.257Z"}
{"level":"info","message":"Connected to MongoDB","timestamp":"2025-05-20T06:55:10.238Z"}
{"level":"info","message":"Connected to MongoDB","timestamp":"2025-05-20T06:55:39.565Z"}
{"level":"info","message":"Connected to MongoDB","timestamp":"2025-05-20T06:55:50.985Z"}
{"level":"info","message":"Connected to MongoDB","timestamp":"2025-05-20T06:56:27.485Z"}
{"level":"info","message":"Connected to MongoDB","timestamp":"2025-05-20T06:57:04.612Z"}
{"level":"info","message":"Connected to MongoDB","timestamp":"2025-05-20T06:57:44.338Z"}
{"level":"info","message":"Connected to MongoDB","timestamp":"2025-05-20T06:57:51.077Z"}
{"level":"info","message":"Connected to MongoDB","timestamp":"2025-05-20T06:57:55.136Z"}
{"level":"info","message":"Connected to MongoDB","timestamp":"2025-05-20T06:58:34.563Z"}
{"level":"info","message":"Connected to MongoDB","timestamp":"2025-05-20T06:58:42.718Z"}
{"level":"info","message":"Connected to MongoDB","timestamp":"2025-05-20T06:59:33.398Z"}
{"level":"info","message":"Connected to MongoDB","timestamp":"2025-05-20T07:00:12.131Z"}
{"level":"info","message":"Connected to MongoDB","timestamp":"2025-05-20T07:01:06.163Z"}
{"level":"info","message":"Connected to MongoDB","timestamp":"2025-05-20T07:02:07.580Z"}
{"level":"info","message":"Connected to MongoDB","timestamp":"2025-05-20T07:02:40.504Z"}
{"level":"info","message":"Connected to MongoDB","timestamp":"2025-05-20T07:03:10.807Z"}
{"level":"info","message":"Connected to MongoDB","timestamp":"2025-05-20T07:04:31.815Z"}
{"level":"info","message":"Connected to MongoDB","timestamp":"2025-05-20T07:06:01.396Z"}
{"level":"info","message":"Connected to MongoDB","timestamp":"2025-05-20T07:07:06.226Z"}
{"level":"info","message":"Connected to MongoDB","timestamp":"2025-05-20T07:08:03.574Z"}
{"level":"info","message":"Connected to MongoDB","timestamp":"2025-05-20T07:08:42.460Z"}
{"level":"info","message":"Connected to MongoDB","timestamp":"2025-05-20T07:31:54.680Z"}
{"level":"info","message":"Connected to MongoDB","timestamp":"2025-05-20T07:33:03.972Z"}
{"level":"info","message":"Connected to MongoDB","timestamp":"2025-05-20T07:36:33.143Z"}
{"level":"info","message":"Connected to MongoDB","timestamp":"2025-05-20T07:37:41.845Z"}
{"level":"info","message":"Connected to MongoDB","timestamp":"2025-05-20T07:39:03.592Z"}
{"level":"info","message":"Server running on port 3000","timestamp":"2025-05-20T07:47:58.794Z"}
{"level":"info","message":"Connected to MongoDB","timestamp":"2025-05-20T07:47:58.800Z"}
{"level":"info","message":"Server running on port 3000","timestamp":"2025-05-20T07:53:30.780Z"}
{"level":"info","message":"Connected to MongoDB","timestamp":"2025-05-20T07:53:30.786Z"}
{"level":"info","message":"Server running on port 3000","timestamp":"2025-05-20T08:09:57.293Z"}
{"level":"info","message":"Connected to MongoDB","timestamp":"2025-05-20T08:09:57.301Z"}
{"level":"info","message":"Server running on port 3000","timestamp":"2025-05-20T08:35:11.576Z"}
{"level":"info","message":"Connected to MongoDB","timestamp":"2025-05-20T08:35:11.584Z"}
{"level":"info","message":"Server running on port 3000","timestamp":"2025-05-20T08:36:46.338Z"}
{"level":"info","message":"Connected to MongoDB","timestamp":"2025-05-20T08:36:46.345Z"}
{"level":"info","message":"Server running on port 3000","timestamp":"2025-05-20T08:37:36.766Z"}
{"level":"info","message":"Connected to MongoDB","timestamp":"2025-05-20T08:37:36.774Z"}
{"level":"info","message":"Server running on port 3000","timestamp":"2025-05-20T08:37:52.543Z"}
{"level":"info","message":"Connected to MongoDB","timestamp":"2025-05-20T08:37:52.550Z"}
{"level":"info","message":"Server running on port 3000","timestamp":"2025-05-20T08:38:04.012Z"}
{"level":"info","message":"Connected to MongoDB","timestamp":"2025-05-20T08:38:04.018Z"}
{"level":"info","message":"Server running on port 5000","timestamp":"2025-05-20T08:38:41.020Z"}
{"level":"info","message":"Connected to MongoDB","timestamp":"2025-05-20T08:38:41.028Z"}
{"level":"info","message":"Server running on port 5000","timestamp":"2025-05-20T10:01:44.837Z"}
{"level":"info","message":"Connected to MongoDB","timestamp":"2025-05-20T10:01:44.848Z"}
{"level":"info","message":"Server running on port 5000","timestamp":"2025-05-20T10:14:22.050Z"}
{"level":"info","message":"Connected to MongoDB","timestamp":"2025-05-20T10:14:22.057Z"}
{"level":"info","message":"Server running on port 5000","timestamp":"2025-05-20T10:16:34.470Z"}
{"level":"info","message":"Connected to MongoDB","timestamp":"2025-05-20T10:16:34.478Z"}
{"level":"info","message":"Server running on port 5000","timestamp":"2025-05-20T16:48:22.305Z"}
{"level":"info","message":"Connected to MongoDB","timestamp":"2025-05-20T16:48:22.314Z"}
{"level":"info","message":"Server running on port 5000","timestamp":"2025-05-20T16:50:09.660Z"}
{"level":"info","message":"Connected to MongoDB","timestamp":"2025-05-20T16:50:09.668Z"}
{"level":"info","message":"Server running on port 5000","timestamp":"2025-05-20T16:50:11.298Z"}
{"level":"info","message":"Connected to MongoDB","timestamp":"2025-05-20T16:50:11.307Z"}
{"level":"info","message":"Server running on port 5000","timestamp":"2025-05-20T16:50:22.142Z"}
{"level":"info","message":"Connected to MongoDB","timestamp":"2025-05-20T16:50:22.153Z"}
{"level":"info","message":"Server running on port 5000","timestamp":"2025-05-20T16:50:37.677Z"}
{"level":"info","message":"Connected to MongoDB","timestamp":"2025-05-20T16:50:37.683Z"}
{"level":"info","message":"Server running on port 5000","timestamp":"2025-05-20T17:00:35.610Z"}
{"level":"info","message":"Connected to MongoDB","timestamp":"2025-05-20T17:00:35.617Z"}
{"level":"info","message":"Server running on port 5000","timestamp":"2025-05-20T17:00:36.908Z"}
{"level":"info","message":"Connected to MongoDB","timestamp":"2025-05-20T17:00:36.916Z"}
{"level":"info","message":"Server running on port 5000","timestamp":"2025-05-20T17:01:43.205Z"}
{"level":"info","message":"Connected to MongoDB","timestamp":"2025-05-20T17:01:43.211Z"}
{"level":"info","message":"Server running on port 5000","timestamp":"2025-05-20T17:02:58.362Z"}
{"level":"info","message":"Connected to MongoDB","timestamp":"2025-05-20T17:02:58.369Z"}
{"level":"info","message":"Server running on port 5000","timestamp":"2025-05-20T17:05:30.145Z"}
{"level":"info","message":"Connected to MongoDB","timestamp":"2025-05-20T17:05:30.153Z"}
{"level":"info","message":"Server running on port 5000","timestamp":"2025-05-20T17:19:05.810Z"}
{"level":"info","message":"Connected to MongoDB","timestamp":"2025-05-20T17:19:05.821Z"}
{"level":"info","message":"Server running on port 5000","timestamp":"2025-05-20T17:20:42.309Z"}
{"level":"info","message":"Connected to MongoDB","timestamp":"2025-05-20T17:20:42.322Z"}
{"level":"info","message":"Server running on port 5000","timestamp":"2025-05-20T17:22:37.734Z"}
{"level":"info","message":"Connected to MongoDB","timestamp":"2025-05-20T17:22:37.742Z"}
{"level":"info","message":"Server running on port 5000","timestamp":"2025-05-20T17:23:32.677Z"}
{"level":"info","message":"Connected to MongoDB","timestamp":"2025-05-20T17:23:32.685Z"}
{"level":"info","message":"Server running on port 5000","timestamp":"2025-05-20T17:38:33.789Z"}
{"level":"info","message":"Connected to MongoDB","timestamp":"2025-05-20T17:38:33.796Z"}
{"level":"info","message":"Server running on port 5000","timestamp":"2025-05-20T18:10:40.736Z"}
{"level":"info","message":"Connected to MongoDB","timestamp":"2025-05-20T18:10:40.743Z"}
{"level":"info","message":"Server running on port 5000","timestamp":"2025-05-20T18:11:50.766Z"}
{"level":"info","message":"Connected to MongoDB","timestamp":"2025-05-20T18:11:50.773Z"}
{"level":"info","message":"Server running on port 5000","timestamp":"2025-05-20T18:12:06.986Z"}
{"level":"info","message":"Connected to MongoDB","timestamp":"2025-05-20T18:12:06.993Z"}
{"level":"info","message":"Server running on port 5000","timestamp":"2025-05-20T18:14:49.856Z"}
{"level":"info","message":"Connected to MongoDB","timestamp":"2025-05-20T18:14:49.863Z"}
{"level":"info","message":"Server running on port 5000","timestamp":"2025-05-20T18:16:02.747Z"}
{"level":"info","message":"Connected to MongoDB","timestamp":"2025-05-20T18:16:02.755Z"}
{"level":"info","message":"Server running on port 5000","timestamp":"2025-05-20T18:19:54.185Z"}
{"level":"info","message":"Connected to MongoDB","timestamp":"2025-05-20T18:19:54.192Z"}
{"level":"info","message":"Server running on port 5000","timestamp":"2025-05-20T18:23:25.762Z"}
{"level":"info","message":"Connected to MongoDB","timestamp":"2025-05-20T18:23:25.771Z"}
{"level":"info","message":"Server running on port 5000","timestamp":"2025-05-20T18:24:41.968Z"}
{"level":"info","message":"Connected to MongoDB","timestamp":"2025-05-20T18:24:41.975Z"}
{"level":"info","message":"Server running on port 5000","timestamp":"2025-05-20T18:24:44.750Z"}
{"level":"info","message":"Connected to MongoDB","timestamp":"2025-05-20T18:24:44.760Z"}
{"level":"info","message":"Server running on port 5000","timestamp":"2025-05-20T18:26:22.414Z"}
{"level":"info","message":"Connected to MongoDB","timestamp":"2025-05-20T18:26:22.422Z"}
{"level":"info","message":"Server running on port 5000","timestamp":"2025-05-20T18:27:07.519Z"}
{"level":"info","message":"Connected to MongoDB","timestamp":"2025-05-20T18:27:07.528Z"}
{"level":"info","message":"Server running on port 5000","timestamp":"2025-05-20T18:28:00.620Z"}
{"level":"info","message":"Connected to MongoDB","timestamp":"2025-05-20T18:28:00.626Z"}
{"level":"info","message":"Server running on port 5000","timestamp":"2025-05-20T18:28:48.926Z"}
{"level":"info","message":"Connected to MongoDB","timestamp":"2025-05-20T18:28:48.932Z"}
{"level":"info","message":"Server running on port 5000","timestamp":"2025-05-20T18:29:45.662Z"}
{"level":"info","message":"Connected to MongoDB","timestamp":"2025-05-20T18:29:45.670Z"}
{"level":"info","message":"Server running on port 5000","timestamp":"2025-05-20T18:29:56.125Z"}
{"level":"info","message":"Connected to MongoDB","timestamp":"2025-05-20T18:29:56.134Z"}
{"level":"info","message":"Server running on port 5000","timestamp":"2025-05-21T01:47:47.923Z"}
{"level":"info","message":"Connected to MongoDB","timestamp":"2025-05-21T01:47:47.934Z"}
{"level":"info","message":"Server running on port 5000","timestamp":"2025-05-21T01:47:58.603Z"}
{"level":"info","message":"Connected to MongoDB","timestamp":"2025-05-21T01:47:58.610Z"}
{"level":"info","message":"Server running on port 5000","timestamp":"2025-05-21T05:29:59.308Z"}
{"level":"info","message":"Connected to MongoDB","timestamp":"2025-05-21T05:29:59.317Z"}
{"level":"info","message":"Server running on port 5000","timestamp":"2025-05-21T06:41:55.260Z"}
{"level":"info","message":"Connected to MongoDB","timestamp":"2025-05-21T06:41:55.270Z"}
{"level":"info","message":"Server running on port 5000","timestamp":"2025-05-21T07:33:14.950Z"}
{"level":"info","message":"Connected to MongoDB","timestamp":"2025-05-21T07:33:14.958Z"}
{"level":"info","message":"Server running on port 5000","timestamp":"2025-05-21T07:36:39.111Z"}
{"level":"info","message":"Connected to MongoDB","timestamp":"2025-05-21T07:36:39.119Z"}
{"level":"info","message":"Server running on port 5000","timestamp":"2025-05-21T07:37:27.074Z"}
{"level":"info","message":"Connected to MongoDB","timestamp":"2025-05-21T07:37:27.082Z"}
{"level":"info","message":"Server running on port 5000","timestamp":"2025-05-21T07:38:36.128Z"}
{"level":"info","message":"Connected to MongoDB","timestamp":"2025-05-21T07:38:36.136Z"}
{"level":"info","message":"Server running on port 5000","timestamp":"2025-05-21T07:39:12.725Z"}
{"level":"info","message":"Connected to MongoDB","timestamp":"2025-05-21T07:39:12.733Z"}
{"level":"info","message":"Server running on port 5000","timestamp":"2025-05-21T07:41:52.646Z"}
{"level":"info","message":"Connected to MongoDB","timestamp":"2025-05-21T07:41:52.654Z"}
{"level":"info","message":"Server running on port 5000","timestamp":"2025-05-21T07:42:12.400Z"}
{"level":"info","message":"Connected to MongoDB","timestamp":"2025-05-21T07:42:12.408Z"}
{"level":"info","message":"Server running on port 5000","timestamp":"2025-05-21T07:44:37.490Z"}
{"level":"info","message":"Connected to MongoDB","timestamp":"2025-05-21T07:44:37.497Z"}
{"level":"info","message":"Server running on port 5000","timestamp":"2025-05-21T08:26:36.472Z"}
{"level":"info","message":"Connected to MongoDB","timestamp":"2025-05-21T08:26:36.479Z"}
{"level":"info","message":"Server running on port 5000","timestamp":"2025-05-21T08:30:28.986Z"}
{"level":"info","message":"Connected to MongoDB","timestamp":"2025-05-21T08:30:28.993Z"}
{"level":"info","message":"Server running on port 5000","timestamp":"2025-05-21T09:56:13.943Z"}
{"level":"info","message":"Connected to MongoDB","timestamp":"2025-05-21T09:56:13.950Z"}
{"level":"info","message":"Server running on port 5000","timestamp":"2025-05-21T10:00:35.824Z"}
{"level":"info","message":"Connected to MongoDB","timestamp":"2025-05-21T10:00:35.831Z"}
{"level":"info","message":"Server running on port 5000","timestamp":"2025-05-21T10:05:47.681Z"}
{"level":"info","message":"Connected to MongoDB","timestamp":"2025-05-21T10:05:47.689Z"}
{"level":"info","message":"Server running on port 5000","timestamp":"2025-05-21T10:10:00.375Z"}
{"level":"info","message":"Connected to MongoDB","timestamp":"2025-05-21T10:10:00.383Z"}
{"level":"info","message":"Server running on port 5000","timestamp":"2025-05-21T10:58:45.930Z"}
{"level":"info","message":"Connected to MongoDB","timestamp":"2025-05-21T10:58:45.940Z"}
{"level":"info","message":"Server running on port 5000","timestamp":"2025-05-22T12:53:31.211Z"}
{"level":"info","message":"Connected to MongoDB","timestamp":"2025-05-22T12:53:31.218Z"}
{"level":"info","message":"Server running on port 5000","timestamp":"2025-05-23T16:49:20.598Z"}
{"level":"info","message":"Connected to MongoDB","timestamp":"2025-05-23T16:49:20.606Z"}
{"level":"info","message":"Server running on port 5000","timestamp":"2025-05-23T16:50:40.319Z"}
{"level":"info","message":"Connected to MongoDB","timestamp":"2025-05-23T16:50:40.329Z"}
{"level":"info","message":"Server running on port 5000","timestamp":"2025-05-23T17:54:11.742Z"}
{"level":"info","message":"Connected to MongoDB","timestamp":"2025-05-23T17:54:11.749Z"}
{"level":"info","message":"Server running on port 5000","timestamp":"2025-05-23T17:54:31.878Z"}
{"level":"info","message":"Connected to MongoDB","timestamp":"2025-05-23T17:54:31.885Z"}
{"level":"info","message":"Server running on port 5000","timestamp":"2025-05-23T17:58:21.087Z"}
{"level":"info","message":"Connected to MongoDB","timestamp":"2025-05-23T17:58:21.101Z"}
{"level":"info","message":"Server running on port 5000","timestamp":"2025-05-23T18:30:37.502Z"}
{"level":"info","message":"Connected to MongoDB","timestamp":"2025-05-23T18:30:37.512Z"}
{"level":"info","message":"Server running on port 5000","timestamp":"2025-05-23T18:34:37.314Z"}
{"level":"info","message":"Connected to MongoDB","timestamp":"2025-05-23T18:34:37.323Z"}
{"level":"info","message":"Server running on port 5000","timestamp":"2025-05-23T18:36:06.610Z"}
{"level":"info","message":"Connected to MongoDB","timestamp":"2025-05-23T18:36:06.618Z"}
{"level":"info","message":"Server running on port 5000","timestamp":"2025-05-23T18:36:42.266Z"}
{"level":"info","message":"Connected to MongoDB","timestamp":"2025-05-23T18:36:42.275Z"}
{"level":"info","message":"Server running on port 5000","timestamp":"2025-05-23T18:36:50.437Z"}
{"level":"info","message":"Connected to MongoDB","timestamp":"2025-05-23T18:36:50.443Z"}
{"level":"info","message":"Server running on port 5000","timestamp":"2025-05-23T18:36:59.519Z"}
{"level":"info","message":"Connected to MongoDB","timestamp":"2025-05-23T18:36:59.527Z"}
{"level":"info","message":"Server running on port 5000","timestamp":"2025-05-23T18:37:03.746Z"}
{"level":"info","message":"Connected to MongoDB","timestamp":"2025-05-23T18:37:03.752Z"}
{"level":"info","message":"Server running on port 5000","timestamp":"2025-05-23T18:37:56.571Z"}
{"level":"info","message":"Connected to MongoDB","timestamp":"2025-05-23T18:37:56.580Z"}
{"level":"info","message":"Server running on port 5000","timestamp":"2025-05-23T18:38:39.836Z"}
{"level":"info","message":"Connected to MongoDB","timestamp":"2025-05-23T18:38:39.844Z"}
{"level":"info","message":"Server running on port 5000","timestamp":"2025-05-23T18:39:17.152Z"}
{"level":"info","message":"Connected to MongoDB","timestamp":"2025-05-23T18:39:17.160Z"}
{"level":"info","message":"Server running on port 5000","timestamp":"2025-05-23T18:39:55.549Z"}
{"level":"info","message":"Connected to MongoDB","timestamp":"2025-05-23T18:39:55.558Z"}
{"level":"info","message":"Server running on port 5000","timestamp":"2025-05-23T18:39:55.781Z"}
{"level":"info","message":"Connected to MongoDB","timestamp":"2025-05-23T18:39:55.789Z"}
{"level":"info","message":"Server running on port 5000","timestamp":"2025-05-23T18:39:56.070Z"}
{"level":"info","message":"Connected to MongoDB","timestamp":"2025-05-23T18:39:56.078Z"}
{"level":"info","message":"Server running on port 5000","timestamp":"2025-05-23T18:39:57.583Z"}
{"level":"info","message":"Connected to MongoDB","timestamp":"2025-05-23T18:39:57.590Z"}
{"level":"info","message":"Server running on port 5000","timestamp":"2025-05-23T18:40:16.559Z"}
{"level":"info","message":"Connected to MongoDB","timestamp":"2025-05-23T18:40:16.567Z"}
{"level":"info","message":"Server running on port 5000","timestamp":"2025-05-23T18:40:43.155Z"}
{"level":"info","message":"Connected to MongoDB","timestamp":"2025-05-23T18:40:43.164Z"}
{"level":"info","message":"Server running on port 5000","timestamp":"2025-05-23T18:41:03.106Z"}
{"level":"info","message":"Connected to MongoDB","timestamp":"2025-05-23T18:41:03.116Z"}
{"level":"info","message":"Server running on port 5000","timestamp":"2025-05-23T18:41:36.154Z"}
{"level":"info","message":"Connected to MongoDB","timestamp":"2025-05-23T18:41:36.162Z"}
{"level":"info","message":"Server running on port 5000","timestamp":"2025-05-23T18:41:36.582Z"}
{"level":"info","message":"Connected to MongoDB","timestamp":"2025-05-23T18:41:36.589Z"}
{"level":"info","message":"Server running on port 5000","timestamp":"2025-05-23T18:42:45.429Z"}
{"level":"info","message":"Connected to MongoDB","timestamp":"2025-05-23T18:42:45.437Z"}
{"level":"info","message":"Server running on port 5000","timestamp":"2025-05-23T18:43:42.953Z"}
{"level":"info","message":"Connected to MongoDB","timestamp":"2025-05-23T18:43:42.960Z"}
{"level":"info","message":"Server running on port 5000","timestamp":"2025-05-23T18:50:31.989Z"}
{"level":"info","message":"Connected to MongoDB","timestamp":"2025-05-23T18:50:31.997Z"}
{"level":"info","message":"Server running on port 5000","timestamp":"2025-05-23T18:59:16.918Z"}
{"level":"info","message":"Connected to MongoDB","timestamp":"2025-05-23T18:59:16.925Z"}
{"level":"info","message":"Server running on port 5000","timestamp":"2025-05-23T18:59:45.782Z"}
{"level":"info","message":"Connected to MongoDB","timestamp":"2025-05-23T18:59:45.790Z"}
{"level":"info","message":"Server running on port 5000","timestamp":"2025-05-23T19:02:05.415Z"}
{"level":"info","message":"Connected to MongoDB","timestamp":"2025-05-23T19:02:05.423Z"}
{"level":"info","message":"Server running on port 5000","timestamp":"2025-05-23T19:05:59.410Z"}
{"level":"info","message":"Connected to MongoDB","timestamp":"2025-05-23T19:05:59.418Z"}
{"level":"info","message":"Server running on port 5000","timestamp":"2025-05-23T19:06:27.678Z"}
{"level":"info","message":"Connected to MongoDB","timestamp":"2025-05-23T19:06:27.686Z"}
{"level":"info","message":"Server running on port 5000","timestamp":"2025-05-23T19:06:46.032Z"}
{"level":"info","message":"Connected to MongoDB","timestamp":"2025-05-23T19:06:46.041Z"}
{"level":"info","message":"Server running on port 5000","timestamp":"2025-05-23T19:06:46.380Z"}
{"level":"info","message":"Connected to MongoDB","timestamp":"2025-05-23T19:06:46.389Z"}
{"level":"info","message":"Server running on port 5000","timestamp":"2025-05-23T19:07:21.415Z"}
{"level":"info","message":"Connected to MongoDB","timestamp":"2025-05-23T19:07:21.423Z"}
{"level":"info","message":"Server running on port 5000","timestamp":"2025-05-23T19:07:45.494Z"}
{"level":"info","message":"Connected to MongoDB","timestamp":"2025-05-23T19:07:45.501Z"}
{"level":"info","message":"Server running on port 5000","timestamp":"2025-05-23T19:08:25.415Z"}
{"level":"info","message":"Connected to MongoDB","timestamp":"2025-05-23T19:08:25.423Z"}
{"level":"info","message":"Server running on port 5000","timestamp":"2025-05-23T19:12:26.887Z"}
{"level":"info","message":"Connected to MongoDB","timestamp":"2025-05-23T19:12:26.896Z"}
{"level":"info","message":"Server running on port 5000","timestamp":"2025-05-23T19:15:02.344Z"}
{"level":"info","message":"Connected to MongoDB","timestamp":"2025-05-23T19:15:02.351Z"}
{"level":"info","message":"Server running on port 5000","timestamp":"2025-05-23T19:15:04.628Z"}
{"level":"info","message":"Connected to MongoDB","timestamp":"2025-05-23T19:15:04.639Z"}
{"level":"info","message":"Server running on port 5000","timestamp":"2025-05-23T19:18:25.509Z"}
{"level":"info","message":"Connected to MongoDB","timestamp":"2025-05-23T19:18:25.517Z"}
{"level":"info","message":"Server running on port 5000","timestamp":"2025-05-23T19:19:12.685Z"}
{"level":"info","message":"Connected to MongoDB","timestamp":"2025-05-23T19:19:12.692Z"}
{"level":"info","message":"Server running on port 5000","timestamp":"2025-05-23T19:23:56.467Z"}
{"level":"info","message":"Connected to MongoDB","timestamp":"2025-05-23T19:23:56.476Z"}
{"level":"info","message":"Server running on port 5000","timestamp":"2025-05-23T19:26:57.924Z"}
{"level":"info","message":"Connected to MongoDB","timestamp":"2025-05-23T19:26:57.932Z"}
{"level":"info","message":"Server running on port 5000","timestamp":"2025-05-23T19:31:13.660Z"}
{"level":"info","message":"Connected to MongoDB","timestamp":"2025-05-23T19:31:13.668Z"}
{"level":"info","message":"Server running on port 5000","timestamp":"2025-05-23T19:35:39.394Z"}
{"level":"info","message":"Connected to MongoDB","timestamp":"2025-05-23T19:35:39.403Z"}
{"level":"info","message":"Server running on port 5000","timestamp":"2025-05-23T19:45:39.340Z"}
{"level":"info","message":"Connected to MongoDB","timestamp":"2025-05-23T19:45:39.347Z"}
{"level":"info","message":"Server running on port 5000","timestamp":"2025-05-23T19:49:10.567Z"}
{"level":"info","message":"Connected to MongoDB","timestamp":"2025-05-23T19:49:10.575Z"}
{"level":"info","message":"Server running on port 5000","timestamp":"2025-05-23T19:49:12.562Z"}
{"level":"info","message":"Connected to MongoDB","timestamp":"2025-05-23T19:49:12.572Z"}
{"level":"info","message":"Server running on port 5000","timestamp":"2025-05-23T19:49:16.055Z"}
{"level":"info","message":"Connected to MongoDB","timestamp":"2025-05-23T19:49:16.061Z"}
{"level":"info","message":"Server running on port 5000","timestamp":"2025-05-23T19:49:18.569Z"}
{"level":"info","message":"Connected to MongoDB","timestamp":"2025-05-23T19:49:18.578Z"}
{"level":"info","message":"Server running on port 5000","timestamp":"2025-05-23T19:49:22.048Z"}
{"level":"info","message":"Connected to MongoDB","timestamp":"2025-05-23T19:49:22.054Z"}
{"level":"info","message":"Server running on port 5000","timestamp":"2025-05-23T19:49:24.557Z"}
{"level":"info","message":"Connected to MongoDB","timestamp":"2025-05-23T19:49:24.564Z"}
{"level":"info","message":"Server running on port 5000","timestamp":"2025-05-23T19:49:33.421Z"}
{"level":"info","message":"Connected to MongoDB","timestamp":"2025-05-23T19:49:33.428Z"}
{"level":"info","message":"Server running on port 5000","timestamp":"2025-05-23T20:19:18.646Z"}
{"level":"info","message":"Connected to MongoDB","timestamp":"2025-05-23T20:19:18.653Z"}
{"level":"info","message":"Server running on port 5000","timestamp":"2025-05-23T20:20:24.592Z"}
{"level":"info","message":"Connected to MongoDB","timestamp":"2025-05-23T20:20:24.600Z"}
{"level":"info","message":"Server running on port 5000","timestamp":"2025-05-23T20:20:57.450Z"}
{"level":"info","message":"Connected to MongoDB","timestamp":"2025-05-23T20:20:57.459Z"}
{"level":"info","message":"Server running on port 5000","timestamp":"2025-05-23T20:29:38.941Z"}
{"level":"info","message":"Connected to MongoDB","timestamp":"2025-05-23T20:29:38.948Z"}
{"level":"info","message":"Server running on port 5000","timestamp":"2025-05-23T20:44:44.125Z"}
{"level":"info","message":"Connected to MongoDB","timestamp":"2025-05-23T20:44:44.133Z"}
{"level":"info","message":"Server running on port 5000","timestamp":"2025-05-23T20:50:05.007Z"}
{"level":"info","message":"Connected to MongoDB","timestamp":"2025-05-23T20:50:05.015Z"}
{"level":"info","message":"Server running on port 5000","timestamp":"2025-05-23T20:50:06.544Z"}
{"level":"info","message":"Connected to MongoDB","timestamp":"2025-05-23T20:50:06.554Z"}
{"level":"info","message":"Server running on port 5000","timestamp":"2025-05-23T20:52:25.942Z"}
{"level":"info","message":"Connected to MongoDB","timestamp":"2025-05-23T20:52:25.950Z"}
{"level":"info","message":"Server running on port 5000","timestamp":"2025-05-23T20:52:33.287Z"}
{"level":"info","message":"Connected to MongoDB","timestamp":"2025-05-23T20:52:33.295Z"}
{"level":"info","message":"Server running on port 5000","timestamp":"2025-05-23T20:52:50.133Z"}
{"level":"info","message":"Connected to MongoDB","timestamp":"2025-05-23T20:52:50.142Z"}
{"level":"info","message":"Server running on port 5000","timestamp":"2025-05-23T20:53:20.240Z"}
{"level":"info","message":"Connected to MongoDB","timestamp":"2025-05-23T20:53:20.247Z"}
{"level":"info","message":"Server running on port 5000","timestamp":"2025-05-23T20:58:42.079Z"}
{"level":"info","message":"Connected to MongoDB","timestamp":"2025-05-23T20:58:42.087Z"}
{"level":"info","message":"Server running on port 5000","timestamp":"2025-05-23T20:58:42.315Z"}
{"level":"info","message":"Connected to MongoDB","timestamp":"2025-05-23T20:58:42.324Z"}
{"level":"info","message":"Server running on port 5000","timestamp":"2025-05-23T20:58:54.286Z"}
{"level":"info","message":"Connected to MongoDB","timestamp":"2025-05-23T20:58:54.294Z"}
{"level":"info","message":"Server running on port 5000","timestamp":"2025-05-23T21:03:12.595Z"}
{"level":"info","message":"Connected to MongoDB","timestamp":"2025-05-23T21:03:12.602Z"}
{"level":"info","message":"Server running on port 5000","timestamp":"2025-05-23T21:03:42.699Z"}
{"level":"info","message":"Connected to MongoDB","timestamp":"2025-05-23T21:03:42.710Z"}
{"level":"info","message":"Server running on port 5000","timestamp":"2025-05-23T21:03:46.208Z"}
{"level":"info","message":"Connected to MongoDB","timestamp":"2025-05-23T21:03:46.217Z"}
{"level":"info","message":"Server running on port 5000","timestamp":"2025-05-23T21:11:09.715Z"}
{"level":"info","message":"Connected to MongoDB","timestamp":"2025-05-23T21:11:09.723Z"}
{"level":"info","message":"Server running on port 5000","timestamp":"2025-05-23T21:11:37.643Z"}
{"level":"info","message":"Connected to MongoDB","timestamp":"2025-05-23T21:11:37.651Z"}
{"level":"info","message":"Server running on port 5000","timestamp":"2025-05-23T21:12:04.844Z"}
{"level":"info","message":"Connected to MongoDB","timestamp":"2025-05-23T21:12:04.852Z"}
{"level":"info","message":"Server running on port 5000","timestamp":"2025-05-23T21:23:20.947Z"}
{"level":"info","message":"Connected to MongoDB","timestamp":"2025-05-23T21:23:20.956Z"}
{"level":"info","message":"Server running on port 5000","timestamp":"2025-05-23T21:23:42.982Z"}
{"level":"info","message":"Connected to MongoDB","timestamp":"2025-05-23T21:23:42.993Z"}
{"level":"info","message":"Server running on port 5000","timestamp":"2025-05-23T21:24:12.300Z"}
{"level":"info","message":"Connected to MongoDB","timestamp":"2025-05-23T21:24:12.308Z"}
{"level":"info","message":"Server running on port 5000","timestamp":"2025-05-23T21:25:20.614Z"}
{"level":"info","message":"Connected to MongoDB","timestamp":"2025-05-23T21:25:20.622Z"}
{"level":"info","message":"Server running on port 5000","timestamp":"2025-05-23T21:25:48.263Z"}
{"level":"info","message":"Connected to MongoDB","timestamp":"2025-05-23T21:25:48.270Z"}
{"level":"info","message":"Server running on port 5000","timestamp":"2025-05-23T21:26:05.567Z"}
{"level":"info","message":"Connected to MongoDB","timestamp":"2025-05-23T21:26:05.574Z"}
{"level":"info","message":"Server running on port 5000","timestamp":"2025-05-23T21:26:48.650Z"}
{"level":"info","message":"Connected to MongoDB","timestamp":"2025-05-23T21:26:48.659Z"}
{"level":"info","message":"Server running on port 5000","timestamp":"2025-05-23T21:27:07.996Z"}
{"level":"info","message":"Connected to MongoDB","timestamp":"2025-05-23T21:27:08.013Z"}
{"level":"info","message":"Server running on port 5000","timestamp":"2025-05-23T21:29:34.554Z"}
{"level":"info","message":"Connected to MongoDB","timestamp":"2025-05-23T21:29:34.562Z"}
{"level":"info","message":"Server running on port 5000","timestamp":"2025-05-23T21:29:40.236Z"}
{"level":"info","message":"Connected to MongoDB","timestamp":"2025-05-23T21:29:40.249Z"}
{"level":"error","message":"Error: ENOENT: no such file or directory, stat '/Users/shashi/Desktop/my-projects/payroll/server/uploads/payslips/mar-2024.pdf'","timestamp":"2025-05-23T21:38:16.120Z"}
{"level":"error","message":"Error: ENOENT: no such file or directory, stat '/Users/shashi/Desktop/my-projects/payroll/server/uploads/payslips/mar-2024.pdf'","timestamp":"2025-05-23T21:39:00.398Z"}
{"level":"info","message":"Server running on port 5000","timestamp":"2025-05-24T07:41:04.415Z"}
{"level":"info","message":"Connected to MongoDB","timestamp":"2025-05-24T07:41:04.427Z"}
{"level":"info","message":"Server running on port 5000","timestamp":"2025-05-24T08:40:23.231Z"}
{"level":"info","message":"Connected to MongoDB","timestamp":"2025-05-24T08:40:23.238Z"}
{"level":"info","message":"Server running on port 5000","timestamp":"2025-05-24T08:40:31.164Z"}
{"level":"info","message":"Connected to MongoDB","timestamp":"2025-05-24T08:40:31.172Z"}
{"level":"info","message":"Server running on port 5000","timestamp":"2025-05-24T08:43:04.989Z"}
{"level":"info","message":"Connected to MongoDB","timestamp":"2025-05-24T08:43:04.998Z"}
{"level":"info","message":"Server running on port 5000","timestamp":"2025-05-24T08:43:23.751Z"}
{"level":"info","message":"Connected to MongoDB","timestamp":"2025-05-24T08:43:23.758Z"}
{"level":"info","message":"Server running on port 5000","timestamp":"2025-05-24T08:46:20.119Z"}
{"level":"info","message":"Connected to MongoDB","timestamp":"2025-05-24T08:46:20.127Z"}
{"level":"info","message":"Server running on port 5000","timestamp":"2025-05-24T08:49:08.061Z"}
{"level":"info","message":"Connected to MongoDB","timestamp":"2025-05-24T08:49:08.069Z"}
{"level":"info","message":"Server running on port 5000","timestamp":"2025-05-24T08:53:58.679Z"}
{"level":"info","message":"Connected to MongoDB","timestamp":"2025-05-24T08:53:58.686Z"}
{"level":"info","message":"Server running on port 5000","timestamp":"2025-05-24T08:54:06.192Z"}
{"level":"info","message":"Connected to MongoDB","timestamp":"2025-05-24T08:54:06.207Z"}
{"level":"info","message":"Server running on port 5000","timestamp":"2025-05-24T08:54:15.983Z"}
{"level":"info","message":"Connected to MongoDB","timestamp":"2025-05-24T08:54:15.994Z"}
{"level":"info","message":"Server running on port 5000","timestamp":"2025-05-24T08:54:23.831Z"}
{"level":"info","message":"Connected to MongoDB","timestamp":"2025-05-24T08:54:23.840Z"}
{"level":"info","message":"Server running on port 5000","timestamp":"2025-05-24T09:21:55.774Z"}
{"level":"info","message":"Connected to MongoDB","timestamp":"2025-05-24T09:21:55.785Z"}
{"level":"info","message":"Server running on port 5000","timestamp":"2025-05-24T09:21:57.668Z"}
{"level":"info","message":"Connected to MongoDB","timestamp":"2025-05-24T09:21:57.678Z"}
{"level":"error","message":"SyntaxError: Unexpected token \n in JSON at position 41\n    at JSON.parse (<anonymous>)\n    at parse (/Users/shashi/Desktop/my-projects/payroll/server/node_modules/body-parser/lib/types/json.js:92:19)\n    at /Users/shashi/Desktop/my-projects/payroll/server/node_modules/body-parser/lib/read.js:128:18\n    at AsyncResource.runInAsyncScope (node:async_hooks:203:9)\n    at invokeCallback (/Users/shashi/Desktop/my-projects/payroll/server/node_modules/raw-body/index.js:238:16)\n    at done (/Users/shashi/Desktop/my-projects/payroll/server/node_modules/raw-body/index.js:227:7)\n    at IncomingMessage.onEnd (/Users/shashi/Desktop/my-projects/payroll/server/node_modules/raw-body/index.js:287:7)\n    at IncomingMessage.emit (node:events:517:28)\n    at endReadableNT (node:internal/streams/readable:1400:12)\n    at process.processTicksAndRejections (node:internal/process/task_queues:82:21)","timestamp":"2025-05-24T09:22:16.488Z"}
{"level":"error","message":"SyntaxError: Unexpected token \n in JSON at position 41\n    at JSON.parse (<anonymous>)\n    at parse (/Users/shashi/Desktop/my-projects/payroll/server/node_modules/body-parser/lib/types/json.js:92:19)\n    at /Users/shashi/Desktop/my-projects/payroll/server/node_modules/body-parser/lib/read.js:128:18\n    at AsyncResource.runInAsyncScope (node:async_hooks:203:9)\n    at invokeCallback (/Users/shashi/Desktop/my-projects/payroll/server/node_modules/raw-body/index.js:238:16)\n    at done (/Users/shashi/Desktop/my-projects/payroll/server/node_modules/raw-body/index.js:227:7)\n    at IncomingMessage.onEnd (/Users/shashi/Desktop/my-projects/payroll/server/node_modules/raw-body/index.js:287:7)\n    at IncomingMessage.emit (node:events:517:28)\n    at endReadableNT (node:internal/streams/readable:1400:12)\n    at process.processTicksAndRejections (node:internal/process/task_queues:82:21)","timestamp":"2025-05-24T09:22:16.521Z"}
{"level":"error","message":"SyntaxError: Unexpected token \n in JSON at position 41\n    at JSON.parse (<anonymous>)\n    at parse (/Users/shashi/Desktop/my-projects/payroll/server/node_modules/body-parser/lib/types/json.js:92:19)\n    at /Users/shashi/Desktop/my-projects/payroll/server/node_modules/body-parser/lib/read.js:128:18\n    at AsyncResource.runInAsyncScope (node:async_hooks:203:9)\n    at invokeCallback (/Users/shashi/Desktop/my-projects/payroll/server/node_modules/raw-body/index.js:238:16)\n    at done (/Users/shashi/Desktop/my-projects/payroll/server/node_modules/raw-body/index.js:227:7)\n    at IncomingMessage.onEnd (/Users/shashi/Desktop/my-projects/payroll/server/node_modules/raw-body/index.js:287:7)\n    at IncomingMessage.emit (node:events:517:28)\n    at endReadableNT (node:internal/streams/readable:1400:12)\n    at process.processTicksAndRejections (node:internal/process/task_queues:82:21)","timestamp":"2025-05-24T09:22:16.585Z"}
{"level":"error","message":"SyntaxError: Unexpected token \n in JSON at position 41\n    at JSON.parse (<anonymous>)\n    at parse (/Users/shashi/Desktop/my-projects/payroll/server/node_modules/body-parser/lib/types/json.js:92:19)\n    at /Users/shashi/Desktop/my-projects/payroll/server/node_modules/body-parser/lib/read.js:128:18\n    at AsyncResource.runInAsyncScope (node:async_hooks:203:9)\n    at invokeCallback (/Users/shashi/Desktop/my-projects/payroll/server/node_modules/raw-body/index.js:238:16)\n    at done (/Users/shashi/Desktop/my-projects/payroll/server/node_modules/raw-body/index.js:227:7)\n    at IncomingMessage.onEnd (/Users/shashi/Desktop/my-projects/payroll/server/node_modules/raw-body/index.js:287:7)\n    at IncomingMessage.emit (node:events:517:28)\n    at endReadableNT (node:internal/streams/readable:1400:12)\n    at process.processTicksAndRejections (node:internal/process/task_queues:82:21)","timestamp":"2025-05-24T09:23:45.888Z"}
{"level":"error","message":"SyntaxError: Unexpected token \n in JSON at position 41\n    at JSON.parse (<anonymous>)\n    at parse (/Users/shashi/Desktop/my-projects/payroll/server/node_modules/body-parser/lib/types/json.js:92:19)\n    at /Users/shashi/Desktop/my-projects/payroll/server/node_modules/body-parser/lib/read.js:128:18\n    at AsyncResource.runInAsyncScope (node:async_hooks:203:9)\n    at invokeCallback (/Users/shashi/Desktop/my-projects/payroll/server/node_modules/raw-body/index.js:238:16)\n    at done (/Users/shashi/Desktop/my-projects/payroll/server/node_modules/raw-body/index.js:227:7)\n    at IncomingMessage.onEnd (/Users/shashi/Desktop/my-projects/payroll/server/node_modules/raw-body/index.js:287:7)\n    at IncomingMessage.emit (node:events:517:28)\n    at endReadableNT (node:internal/streams/readable:1400:12)\n    at process.processTicksAndRejections (node:internal/process/task_queues:82:21)","timestamp":"2025-05-24T09:23:45.904Z"}
{"level":"error","message":"SyntaxError: Unexpected token \n in JSON at position 41\n    at JSON.parse (<anonymous>)\n    at parse (/Users/shashi/Desktop/my-projects/payroll/server/node_modules/body-parser/lib/types/json.js:92:19)\n    at /Users/shashi/Desktop/my-projects/payroll/server/node_modules/body-parser/lib/read.js:128:18\n    at AsyncResource.runInAsyncScope (node:async_hooks:203:9)\n    at invokeCallback (/Users/shashi/Desktop/my-projects/payroll/server/node_modules/raw-body/index.js:238:16)\n    at done (/Users/shashi/Desktop/my-projects/payroll/server/node_modules/raw-body/index.js:227:7)\n    at IncomingMessage.onEnd (/Users/shashi/Desktop/my-projects/payroll/server/node_modules/raw-body/index.js:287:7)\n    at IncomingMessage.emit (node:events:517:28)\n    at endReadableNT (node:internal/streams/readable:1400:12)\n    at process.processTicksAndRejections (node:internal/process/task_queues:82:21)","timestamp":"2025-05-24T09:23:45.963Z"}
{"level":"error","message":"SyntaxError: Unexpected token \n in JSON at position 35\n    at JSON.parse (<anonymous>)\n    at parse (/Users/shashi/Desktop/my-projects/payroll/server/node_modules/body-parser/lib/types/json.js:92:19)\n    at /Users/shashi/Desktop/my-projects/payroll/server/node_modules/body-parser/lib/read.js:128:18\n    at AsyncResource.runInAsyncScope (node:async_hooks:203:9)\n    at invokeCallback (/Users/shashi/Desktop/my-projects/payroll/server/node_modules/raw-body/index.js:238:16)\n    at done (/Users/shashi/Desktop/my-projects/payroll/server/node_modules/raw-body/index.js:227:7)\n    at IncomingMessage.onEnd (/Users/shashi/Desktop/my-projects/payroll/server/node_modules/raw-body/index.js:287:7)\n    at IncomingMessage.emit (node:events:517:28)\n    at endReadableNT (node:internal/streams/readable:1400:12)\n    at process.processTicksAndRejections (node:internal/process/task_queues:82:21)","timestamp":"2025-05-24T09:34:34.385Z"}
{"level":"error","message":"SyntaxError: Unexpected token \n in JSON at position 35\n    at JSON.parse (<anonymous>)\n    at parse (/Users/shashi/Desktop/my-projects/payroll/server/node_modules/body-parser/lib/types/json.js:92:19)\n    at /Users/shashi/Desktop/my-projects/payroll/server/node_modules/body-parser/lib/read.js:128:18\n    at AsyncResource.runInAsyncScope (node:async_hooks:203:9)\n    at invokeCallback (/Users/shashi/Desktop/my-projects/payroll/server/node_modules/raw-body/index.js:238:16)\n    at done (/Users/shashi/Desktop/my-projects/payroll/server/node_modules/raw-body/index.js:227:7)\n    at IncomingMessage.onEnd (/Users/shashi/Desktop/my-projects/payroll/server/node_modules/raw-body/index.js:287:7)\n    at IncomingMessage.emit (node:events:517:28)\n    at endReadableNT (node:internal/streams/readable:1400:12)\n    at process.processTicksAndRejections (node:internal/process/task_queues:82:21)","timestamp":"2025-05-24T09:34:34.403Z"}
{"level":"error","message":"SyntaxError: Unexpected token \n in JSON at position 35\n    at JSON.parse (<anonymous>)\n    at parse (/Users/shashi/Desktop/my-projects/payroll/server/node_modules/body-parser/lib/types/json.js:92:19)\n    at /Users/shashi/Desktop/my-projects/payroll/server/node_modules/body-parser/lib/read.js:128:18\n    at AsyncResource.runInAsyncScope (node:async_hooks:203:9)\n    at invokeCallback (/Users/shashi/Desktop/my-projects/payroll/server/node_modules/raw-body/index.js:238:16)\n    at done (/Users/shashi/Desktop/my-projects/payroll/server/node_modules/raw-body/index.js:227:7)\n    at IncomingMessage.onEnd (/Users/shashi/Desktop/my-projects/payroll/server/node_modules/raw-body/index.js:287:7)\n    at IncomingMessage.emit (node:events:517:28)\n    at endReadableNT (node:internal/streams/readable:1400:12)\n    at process.processTicksAndRejections (node:internal/process/task_queues:82:21)","timestamp":"2025-05-24T09:34:34.513Z"}
{"level":"info","message":"Server running on port 5000","timestamp":"2025-05-24T09:36:36.346Z"}
{"level":"info","message":"Connected to MongoDB","timestamp":"2025-05-24T09:36:36.354Z"}
{"level":"info","message":"Server running on port 5000","timestamp":"2025-05-24T09:38:31.718Z"}
{"level":"info","message":"Connected to MongoDB","timestamp":"2025-05-24T09:38:31.726Z"}
{"level":"info","message":"Server running on port 5000","timestamp":"2025-05-24T09:46:51.588Z"}
{"level":"info","message":"Connected to MongoDB","timestamp":"2025-05-24T09:46:51.596Z"}
{"level":"info","message":"Server running on port 5000","timestamp":"2025-05-24T09:49:53.214Z"}
{"level":"info","message":"Connected to MongoDB","timestamp":"2025-05-24T09:49:53.223Z"}
{"level":"info","message":"Server running on port 5000","timestamp":"2025-05-24T09:51:24.581Z"}
{"level":"info","message":"Connected to MongoDB","timestamp":"2025-05-24T09:51:24.590Z"}
{"level":"info","message":"Server running on port 5000","timestamp":"2025-05-24T09:52:12.027Z"}
{"level":"info","message":"Connected to MongoDB","timestamp":"2025-05-24T09:52:12.036Z"}
{"level":"info","message":"Server running on port 5000","timestamp":"2025-05-24T09:53:51.933Z"}
{"level":"info","message":"Connected to MongoDB","timestamp":"2025-05-24T09:53:51.940Z"}
{"level":"info","message":"Server running on port 5000","timestamp":"2025-05-24T09:54:28.585Z"}
{"level":"info","message":"Connected to MongoDB","timestamp":"2025-05-24T09:54:28.593Z"}
{"level":"info","message":"Server running on port 5000","timestamp":"2025-05-24T09:55:12.660Z"}
{"level":"info","message":"Connected to MongoDB","timestamp":"2025-05-24T09:55:12.669Z"}
{"level":"info","message":"Server running on port 5000","timestamp":"2025-05-24T09:55:51.593Z"}
{"level":"info","message":"Connected to MongoDB","timestamp":"2025-05-24T09:55:51.600Z"}
{"level":"info","message":"Server running on port 5000","timestamp":"2025-05-24T09:58:15.877Z"}
{"level":"info","message":"Connected to MongoDB","timestamp":"2025-05-24T09:58:15.884Z"}
{"level":"info","message":"Server running on port 5000","timestamp":"2025-05-24T09:59:37.417Z"}
{"level":"info","message":"Connected to MongoDB","timestamp":"2025-05-24T09:59:37.424Z"}
{"level":"info","message":"Server running on port 5000","timestamp":"2025-05-24T10:02:15.229Z"}
{"level":"info","message":"Connected to MongoDB","timestamp":"2025-05-24T10:02:15.236Z"}
{"level":"info","message":"Server running on port 5000","timestamp":"2025-05-24T10:02:17.819Z"}
{"level":"info","message":"Connected to MongoDB","timestamp":"2025-05-24T10:02:17.826Z"}
{"level":"info","message":"Server running on port 5000","timestamp":"2025-05-24T10:03:57.094Z"}
{"level":"info","message":"Connected to MongoDB","timestamp":"2025-05-24T10:03:57.101Z"}
{"level":"info","message":"Server running on port 5000","timestamp":"2025-05-24T10:05:48.710Z"}
{"level":"info","message":"Connected to MongoDB","timestamp":"2025-05-24T10:05:48.718Z"}
{"level":"info","message":"Server running on port 5000","timestamp":"2025-05-24T10:07:35.637Z"}
{"level":"info","message":"Connected to MongoDB","timestamp":"2025-05-24T10:07:35.645Z"}
{"level":"info","message":"Server running on port 5000","timestamp":"2025-05-24T10:08:59.958Z"}
{"level":"info","message":"Connected to MongoDB","timestamp":"2025-05-24T10:08:59.965Z"}
{"level":"info","message":"Server running on port 5000","timestamp":"2025-05-24T10:10:49.836Z"}
{"level":"info","message":"Connected to MongoDB","timestamp":"2025-05-24T10:10:49.846Z"}
{"level":"info","message":"Server running on port 5000","timestamp":"2025-05-24T10:12:39.325Z"}
{"level":"info","message":"Connected to MongoDB","timestamp":"2025-05-24T10:12:39.333Z"}
{"level":"info","message":"Server running on port 5000","timestamp":"2025-05-24T10:12:51.452Z"}
{"level":"info","message":"Connected to MongoDB","timestamp":"2025-05-24T10:12:51.460Z"}
{"level":"info","message":"Server running on port 5000","timestamp":"2025-05-24T10:15:56.371Z"}
{"level":"info","message":"Connected to MongoDB","timestamp":"2025-05-24T10:15:56.379Z"}
{"level":"info","message":"Server running on port 5000","timestamp":"2025-05-24T10:16:05.651Z"}
{"level":"info","message":"Connected to MongoDB","timestamp":"2025-05-24T10:16:05.658Z"}
{"level":"info","message":"Server running on port 5000","timestamp":"2025-05-24T10:18:21.704Z"}
{"level":"info","message":"Connected to MongoDB","timestamp":"2025-05-24T10:18:21.715Z"}
{"level":"info","message":"Server running on port 5000","timestamp":"2025-05-24T10:18:30.679Z"}
{"level":"info","message":"Connected to MongoDB","timestamp":"2025-05-24T10:18:30.689Z"}
{"level":"info","message":"Server running on port 5000","timestamp":"2025-05-24T10:18:41.130Z"}
{"level":"info","message":"Connected to MongoDB","timestamp":"2025-05-24T10:18:41.141Z"}
{"level":"info","message":"Server running on port 5000","timestamp":"2025-05-24T10:19:19.870Z"}
{"level":"info","message":"Connected to MongoDB","timestamp":"2025-05-24T10:19:19.878Z"}
{"level":"info","message":"Server running on port 5000","timestamp":"2025-05-24T10:25:48.024Z"}
{"level":"info","message":"Connected to MongoDB","timestamp":"2025-05-24T10:25:48.032Z"}
{"level":"info","message":"Server running on port 5000","timestamp":"2025-05-24T10:25:50.996Z"}
{"level":"info","message":"Connected to MongoDB","timestamp":"2025-05-24T10:25:51.005Z"}
{"level":"info","message":"Server running on port 5000","timestamp":"2025-05-24T10:26:02.749Z"}
{"level":"info","message":"Connected to MongoDB","timestamp":"2025-05-24T10:26:02.761Z"}
{"level":"info","message":"Server running on port 5000","timestamp":"2025-05-24T10:26:26.131Z"}
{"level":"info","message":"Connected to MongoDB","timestamp":"2025-05-24T10:26:26.138Z"}
{"level":"info","message":"Server running on port 5000","timestamp":"2025-05-24T10:27:33.986Z"}
{"level":"info","message":"Connected to MongoDB","timestamp":"2025-05-24T10:27:33.993Z"}
{"level":"info","message":"Server running on port 5000","timestamp":"2025-05-24T10:27:37.406Z"}
{"level":"info","message":"Connected to MongoDB","timestamp":"2025-05-24T10:27:37.415Z"}
{"level":"info","message":"Server running on port 5000","timestamp":"2025-05-24T10:28:09.855Z"}
{"level":"info","message":"Connected to MongoDB","timestamp":"2025-05-24T10:28:09.863Z"}
{"level":"info","message":"Server running on port 5000","timestamp":"2025-05-24T10:33:49.581Z"}
{"level":"info","message":"Connected to MongoDB","timestamp":"2025-05-24T10:33:49.591Z"}
{"level":"info","message":"Server running on port 5000","timestamp":"2025-05-24T10:35:36.150Z"}
{"level":"info","message":"Connected to MongoDB","timestamp":"2025-05-24T10:35:36.158Z"}
{"level":"info","message":"Server running on port 5000","timestamp":"2025-05-25T06:41:44.870Z"}
{"level":"info","message":"Connected to MongoDB","timestamp":"2025-05-25T06:41:44.879Z"}
{"level":"info","message":"Server running on port 5000","timestamp":"2025-05-25T06:41:59.708Z"}
{"level":"info","message":"Connected to MongoDB","timestamp":"2025-05-25T06:41:59.715Z"}
{"level":"info","message":"Server running on port 5000","timestamp":"2025-05-25T06:42:01.000Z"}
{"level":"info","message":"Connected to MongoDB","timestamp":"2025-05-25T06:42:01.007Z"}
{"level":"info","message":"Server running on port 5000","timestamp":"2025-05-25T06:42:18.643Z"}
{"level":"info","message":"Connected to MongoDB","timestamp":"2025-05-25T06:42:18.670Z"}
{"level":"info","message":"Server running on port 5000","timestamp":"2025-05-25T06:42:50.891Z"}
{"level":"info","message":"Connected to MongoDB","timestamp":"2025-05-25T06:42:50.900Z"}
{"level":"info","message":"Server running on port 5000","timestamp":"2025-05-25T06:42:57.166Z"}
{"level":"info","message":"Connected to MongoDB","timestamp":"2025-05-25T06:42:57.174Z"}
{"level":"info","message":"Server running on port 5000","timestamp":"2025-05-25T06:42:58.658Z"}
{"level":"info","message":"Connected to MongoDB","timestamp":"2025-05-25T06:42:58.666Z"}
{"level":"info","message":"Server running on port 5000","timestamp":"2025-05-25T06:43:08.440Z"}
{"level":"info","message":"Connected to MongoDB","timestamp":"2025-05-25T06:43:08.448Z"}
{"level":"info","message":"Server running on port 5000","timestamp":"2025-05-25T06:43:10.297Z"}
{"level":"info","message":"Connected to MongoDB","timestamp":"2025-05-25T06:43:10.306Z"}
{"level":"info","message":"Server running on port 5000","timestamp":"2025-05-25T06:43:21.600Z"}
{"level":"info","message":"Connected to MongoDB","timestamp":"2025-05-25T06:43:21.609Z"}
{"level":"info","message":"Server running on port 5000","timestamp":"2025-05-25T06:44:04.224Z"}
{"level":"info","message":"Connected to MongoDB","timestamp":"2025-05-25T06:44:04.232Z"}
{"level":"info","message":"Server running on port 5000","timestamp":"2025-05-25T06:44:17.679Z"}
{"level":"info","message":"Connected to MongoDB","timestamp":"2025-05-25T06:44:17.689Z"}
{"level":"info","message":"Server running on port 5000","timestamp":"2025-05-25T06:50:58.298Z"}
{"level":"info","message":"Connected to MongoDB","timestamp":"2025-05-25T06:50:58.308Z"}
{"level":"info","message":"Server running on port 5000","timestamp":"2025-05-25T06:52:27.555Z"}
{"level":"info","message":"Connected to MongoDB","timestamp":"2025-05-25T06:52:27.566Z"}
{"level":"info","message":"Server running on port 5000","timestamp":"2025-05-25T06:53:49.083Z"}
{"level":"info","message":"Connected to MongoDB","timestamp":"2025-05-25T06:53:49.091Z"}
{"level":"info","message":"Server running on port 5000","timestamp":"2025-05-25T06:53:56.773Z"}
{"level":"info","message":"Connected to MongoDB","timestamp":"2025-05-25T06:53:56.783Z"}
{"level":"info","message":"Server running on port 5000","timestamp":"2025-05-25T06:55:54.541Z"}
{"level":"info","message":"Connected to MongoDB","timestamp":"2025-05-25T06:55:54.549Z"}
{"level":"info","message":"Server running on port 5000","timestamp":"2025-05-25T07:32:10.925Z"}
{"level":"info","message":"Connected to MongoDB","timestamp":"2025-05-25T07:32:10.934Z"}
{"level":"info","message":"Server running on port 5000","timestamp":"2025-05-25T07:44:02.321Z"}
{"level":"info","message":"Connected to MongoDB","timestamp":"2025-05-25T07:44:02.333Z"}
{"level":"info","message":"Server running on port 5000","timestamp":"2025-05-25T07:50:08.216Z"}
{"level":"info","message":"Connected to MongoDB","timestamp":"2025-05-25T07:50:08.223Z"}
{"level":"info","message":"Server running on port 5000","timestamp":"2025-05-25T07:54:20.026Z"}
{"level":"info","message":"Connected to MongoDB","timestamp":"2025-05-25T07:54:20.034Z"}
{"level":"info","message":"Server running on port 5000","timestamp":"2025-05-25T08:01:19.012Z"}
{"level":"info","message":"Connected to MongoDB","timestamp":"2025-05-25T08:01:19.020Z"}
{"level":"info","message":"Server running on port 5000","timestamp":"2025-05-25T08:13:06.337Z"}
{"level":"info","message":"Connected to MongoDB","timestamp":"2025-05-25T08:13:06.345Z"}
{"level":"info","message":"Server running on port 5000","timestamp":"2025-05-25T08:13:07.974Z"}
{"level":"info","message":"Connected to MongoDB","timestamp":"2025-05-25T08:13:07.983Z"}
{"level":"info","message":"Server running on port 5000","timestamp":"2025-05-25T08:16:50.607Z"}
{"level":"info","message":"Connected to MongoDB","timestamp":"2025-05-25T08:16:50.616Z"}
{"level":"info","message":"Server running on port 5000","timestamp":"2025-05-25T08:25:09.719Z"}
{"level":"info","message":"Connected to MongoDB","timestamp":"2025-05-25T08:25:09.728Z"}
{"level":"info","message":"Server running on port 5000","timestamp":"2025-05-25T08:27:22.394Z"}
{"level":"info","message":"Connected to MongoDB","timestamp":"2025-05-25T08:27:22.402Z"}
{"level":"info","message":"Server running on port 5000","timestamp":"2025-05-25T08:28:28.165Z"}
{"level":"info","message":"Connected to MongoDB","timestamp":"2025-05-25T08:28:28.175Z"}
{"level":"info","message":"Server running on port 5000","timestamp":"2025-05-25T08:30:08.667Z"}
{"level":"info","message":"Connected to MongoDB","timestamp":"2025-05-25T08:30:08.677Z"}
{"level":"info","message":"Server running on port 5000","timestamp":"2025-05-25T08:32:12.606Z"}
{"level":"info","message":"Connected to MongoDB","timestamp":"2025-05-25T08:32:12.613Z"}
{"level":"info","message":"Server running on port 5000","timestamp":"2025-05-25T08:32:21.882Z"}
{"level":"info","message":"Connected to MongoDB","timestamp":"2025-05-25T08:32:21.896Z"}
{"level":"info","message":"Server running on port 5000","timestamp":"2025-05-25T08:32:46.715Z"}
{"level":"info","message":"Connected to MongoDB","timestamp":"2025-05-25T08:32:46.724Z"}
{"level":"info","message":"Server running on port 5000","timestamp":"2025-05-25T08:34:04.049Z"}
{"level":"info","message":"Connected to MongoDB","timestamp":"2025-05-25T08:34:04.059Z"}
{"level":"info","message":"Server running on port 5000","timestamp":"2025-05-25T09:10:07.363Z"}
{"level":"info","message":"Connected to MongoDB","timestamp":"2025-05-25T09:10:07.370Z"}
{"level":"info","message":"Server running on port 5000","timestamp":"2025-05-25T09:11:01.965Z"}
{"level":"info","message":"Connected to MongoDB","timestamp":"2025-05-25T09:11:01.972Z"}
{"level":"info","message":"Server running on port 5000","timestamp":"2025-05-25T09:11:09.768Z"}
{"level":"info","message":"Connected to MongoDB","timestamp":"2025-05-25T09:11:09.779Z"}
{"level":"info","message":"Server running on port 5000","timestamp":"2025-05-25T09:13:17.641Z"}
{"level":"info","message":"Connected to MongoDB","timestamp":"2025-05-25T09:13:17.649Z"}
{"level":"info","message":"Server running on port 5000","timestamp":"2025-05-25T09:13:17.905Z"}
{"level":"info","message":"Connected to MongoDB","timestamp":"2025-05-25T09:13:17.913Z"}
{"level":"info","message":"Server running on port 5000","timestamp":"2025-05-25T09:13:25.485Z"}
{"level":"info","message":"Connected to MongoDB","timestamp":"2025-05-25T09:13:25.493Z"}
{"level":"info","message":"Server running on port 5000","timestamp":"2025-05-25T09:15:45.156Z"}
{"level":"info","message":"Connected to MongoDB","timestamp":"2025-05-25T09:15:45.168Z"}
{"level":"info","message":"Server running on port 5000","timestamp":"2025-05-25T09:16:32.976Z"}
{"level":"info","message":"Connected to MongoDB","timestamp":"2025-05-25T09:16:32.986Z"}
{"level":"info","message":"Server running on port 5000","timestamp":"2025-05-25T09:16:57.721Z"}
{"level":"info","message":"Connected to MongoDB","timestamp":"2025-05-25T09:16:57.730Z"}
{"level":"info","message":"Server running on port 5000","timestamp":"2025-05-25T09:18:19.098Z"}
{"level":"info","message":"Connected to MongoDB","timestamp":"2025-05-25T09:18:19.107Z"}
{"level":"info","message":"Server running on port 5000","timestamp":"2025-05-25T09:18:32.179Z"}
{"level":"info","message":"Connected to MongoDB","timestamp":"2025-05-25T09:18:32.186Z"}
{"level":"info","message":"Server running on port 5000","timestamp":"2025-05-25T09:21:28.767Z"}
{"level":"info","message":"Connected to MongoDB","timestamp":"2025-05-25T09:21:28.776Z"}
